-------------------------------------------------------------------------------
Test set: com.cucumber.testrunner.TestRunner
-------------------------------------------------------------------------------
Tests run: 1, Failures: 1, Errors: 0, Skipped: 0, Time elapsed: 31.185 s <<< FAILURE! - in com.cucumber.testrunner.TestRunner
com.cucumber.testrunner.TestRunner.null on com.cucumber.testrunner.TestRunner  Time elapsed: 30.066 s  <<< FAILURE!
java.lang.NullPointerException
	at com.cucumber.testrunner.TestRunner.quit(TestRunner.java:39)

